[2022-11-25 13:32:00,809][main.py][line:151][INFO] Star the training
[2022-11-25 13:32:00,809][main.py][line:152][INFO] the learning rate is 0.01
[2022-11-25 13:32:00,809][main.py][line:153][INFO] the total number of epoches is 100
[2022-11-25 13:33:36,423][main.py][line:196][INFO] the current epoch is 1, the training loss is 0.9892, the validation loss is 1.0113
[2022-11-25 13:33:36,423][main.py][line:197][INFO] the IC is 0.06478797664862716, the rank IC is 0.061477862340905826, the precision@3 is 0.5445816186556928
[2022-11-25 13:35:12,474][main.py][line:196][INFO] the current epoch is 2, the training loss is 0.9817, the validation loss is 0.9965
[2022-11-25 13:35:12,474][main.py][line:197][INFO] the IC is 0.06654902451794309, the rank IC is 0.0630213933666089, the precision@3 is 0.5390946502057613
[2022-11-25 13:36:48,925][main.py][line:196][INFO] the current epoch is 3, the training loss is 0.9791, the validation loss is 0.9971
[2022-11-25 13:36:48,925][main.py][line:197][INFO] the IC is 0.058180448123008946, the rank IC is 0.05514278509647267, the precision@3 is 0.5377229080932784
[2022-11-25 13:38:23,448][main.py][line:196][INFO] the current epoch is 4, the training loss is 0.9788, the validation loss is 0.9984
[2022-11-25 13:38:23,448][main.py][line:197][INFO] the IC is 0.0546158371366414, the rank IC is 0.05075951547367694, the precision@3 is 0.5432098765432098
[2022-11-25 13:39:59,092][main.py][line:196][INFO] the current epoch is 5, the training loss is 0.9815, the validation loss is 0.9971
[2022-11-25 13:39:59,092][main.py][line:197][INFO] the IC is 0.07067160396379617, the rank IC is 0.06731166676526613, the precision@3 is 0.5528120713305898
[2022-11-25 13:41:35,099][main.py][line:196][INFO] the current epoch is 6, the training loss is 0.9783, the validation loss is 0.9983
[2022-11-25 13:41:35,099][main.py][line:197][INFO] the IC is 0.07078907059624655, the rank IC is 0.06629681099258147, the precision@3 is 0.5281207133058984
[2022-11-25 13:43:10,560][main.py][line:196][INFO] the current epoch is 7, the training loss is 0.9776, the validation loss is 0.9986
[2022-11-25 13:43:10,560][main.py][line:197][INFO] the IC is 0.06877656354819431, the rank IC is 0.06460135513743827, the precision@3 is 0.5528120713305897
[2022-11-25 13:44:45,811][main.py][line:196][INFO] the current epoch is 8, the training loss is 0.9749, the validation loss is 0.9958
[2022-11-25 13:44:45,811][main.py][line:197][INFO] the IC is 0.07156813411819454, the rank IC is 0.06700340282451345, the precision@3 is 0.5733882030178326
[2022-11-25 13:46:20,711][main.py][line:196][INFO] the current epoch is 9, the training loss is 0.9736, the validation loss is 1.0012
[2022-11-25 13:46:20,711][main.py][line:197][INFO] the IC is 0.06290159832508208, the rank IC is 0.05792057109037175, the precision@3 is 0.5404663923182441
[2022-11-25 13:47:56,074][main.py][line:196][INFO] the current epoch is 10, the training loss is 0.9726, the validation loss is 0.9993
[2022-11-25 13:47:56,074][main.py][line:197][INFO] the IC is 0.0621707744310931, the rank IC is 0.05582184885919219, the precision@3 is 0.5898491083676268
[2022-11-25 13:49:31,387][main.py][line:196][INFO] the current epoch is 11, the training loss is 0.9754, the validation loss is 1.0020
[2022-11-25 13:49:31,387][main.py][line:197][INFO] the IC is 0.06111270213992145, the rank IC is 0.05812691921725001, the precision@3 is 0.5541838134430727
[2022-11-25 13:51:08,084][main.py][line:196][INFO] the current epoch is 12, the training loss is 0.9720, the validation loss is 1.0027
[2022-11-25 13:51:08,085][main.py][line:197][INFO] the IC is 0.07284718933455005, the rank IC is 0.06742436135244903, the precision@3 is 0.5761316872427984
[2022-11-25 13:52:43,383][main.py][line:196][INFO] the current epoch is 13, the training loss is 0.9702, the validation loss is 1.0018
[2022-11-25 13:52:43,383][main.py][line:197][INFO] the IC is 0.0698128283031153, the rank IC is 0.06549395221478425, the precision@3 is 0.5555555555555556
[2022-11-25 13:54:19,203][main.py][line:196][INFO] the current epoch is 14, the training loss is 0.9713, the validation loss is 1.0011
[2022-11-25 13:54:19,203][main.py][line:197][INFO] the IC is 0.07413310460565552, the rank IC is 0.06963695878953871, the precision@3 is 0.569272976680384
[2022-11-25 13:55:55,606][main.py][line:196][INFO] the current epoch is 15, the training loss is 0.9706, the validation loss is 1.0042
[2022-11-25 13:55:55,606][main.py][line:197][INFO] the IC is 0.05102614429270273, the rank IC is 0.05095535819947166, the precision@3 is 0.5459533607681757
[2022-11-25 13:57:31,849][main.py][line:196][INFO] the current epoch is 16, the training loss is 0.9833, the validation loss is 0.9992
[2022-11-25 13:57:31,849][main.py][line:197][INFO] the IC is 0.06124942367719002, the rank IC is 0.053164396149514445, the precision@3 is 0.5665294924554185
[2022-11-25 13:59:07,336][main.py][line:196][INFO] the current epoch is 17, the training loss is 0.9873, the validation loss is 0.9952
[2022-11-25 13:59:07,336][main.py][line:197][INFO] the IC is 0.05566080241796719, the rank IC is 0.044699019189109415, the precision@3 is 0.5500685871056241
[2022-11-25 14:00:43,456][main.py][line:196][INFO] the current epoch is 18, the training loss is 0.9916, the validation loss is 0.9960
[2022-11-25 14:00:43,456][main.py][line:197][INFO] the IC is 0.04656923485406825, the rank IC is 0.04082196335040511, the precision@3 is 0.5624142661179699
[2022-11-25 14:02:18,885][main.py][line:196][INFO] the current epoch is 19, the training loss is 0.9915, the validation loss is 0.9970
[2022-11-25 14:02:18,885][main.py][line:197][INFO] the IC is 0.04823174828692361, the rank IC is 0.04054316214846801, the precision@3 is 0.5363511659807956
[2022-11-25 14:03:55,255][main.py][line:196][INFO] the current epoch is 20, the training loss is 0.9906, the validation loss is 0.9957
[2022-11-25 14:03:55,255][main.py][line:197][INFO] the IC is 0.0491746338674148, the rank IC is 0.04159724579689811, the precision@3 is 0.5445816186556927
[2022-11-25 14:05:31,488][main.py][line:196][INFO] the current epoch is 21, the training loss is 0.9917, the validation loss is 0.9986
[2022-11-25 14:05:31,488][main.py][line:197][INFO] the IC is 0.035776443404352855, the rank IC is 0.030542138500891748, the precision@3 is 0.5377229080932783
[2022-11-25 14:07:06,852][main.py][line:196][INFO] the current epoch is 22, the training loss is 0.9927, the validation loss is 0.9967
[2022-11-25 14:07:06,852][main.py][line:197][INFO] the IC is 0.03987479264433468, the rank IC is 0.034115543883837, the precision@3 is 0.5733882030178326
[2022-11-25 14:08:42,865][main.py][line:196][INFO] the current epoch is 23, the training loss is 0.9914, the validation loss is 0.9970
[2022-11-25 14:08:42,865][main.py][line:197][INFO] the IC is 0.040796581566608904, the rank IC is 0.033592240073350155, the precision@3 is 0.5459533607681756
[2022-11-25 14:10:18,634][main.py][line:196][INFO] the current epoch is 24, the training loss is 0.9912, the validation loss is 0.9967
[2022-11-25 14:10:18,634][main.py][line:197][INFO] the IC is 0.040673240026225035, the rank IC is 0.033565560568290354, the precision@3 is 0.5637860082304527
[2022-11-25 14:11:54,639][main.py][line:196][INFO] the current epoch is 25, the training loss is 0.9910, the validation loss is 0.9979
[2022-11-25 14:11:54,639][main.py][line:197][INFO] the IC is 0.03836158584189762, the rank IC is 0.03321226652679279, the precision@3 is 0.5363511659807957
[2022-11-25 14:13:31,128][main.py][line:196][INFO] the current epoch is 26, the training loss is 0.9913, the validation loss is 0.9977
[2022-11-25 14:13:31,128][main.py][line:197][INFO] the IC is 0.044451815352665305, the rank IC is 0.03678972196219011, the precision@3 is 0.5253772290809328
[2022-11-25 14:15:06,938][main.py][line:196][INFO] the current epoch is 27, the training loss is 0.9910, the validation loss is 0.9978
[2022-11-25 14:15:06,938][main.py][line:197][INFO] the IC is 0.03992801239167948, the rank IC is 0.036723196165474606, the precision@3 is 0.53360768175583
[2022-11-25 14:16:43,535][main.py][line:196][INFO] the current epoch is 28, the training loss is 0.9908, the validation loss is 0.9978
[2022-11-25 14:16:43,535][main.py][line:197][INFO] the IC is 0.04093337875345289, the rank IC is 0.03361783889807546, the precision@3 is 0.5308641975308642
[2022-11-25 14:18:19,269][main.py][line:196][INFO] the current epoch is 29, the training loss is 0.9917, the validation loss is 0.9971
[2022-11-25 14:18:19,270][main.py][line:197][INFO] the IC is 0.03511351229478079, the rank IC is 0.02788237269517315, the precision@3 is 0.5390946502057613
[2022-11-25 14:19:55,811][main.py][line:196][INFO] the current epoch is 30, the training loss is 0.9912, the validation loss is 0.9968
[2022-11-25 14:19:55,811][main.py][line:197][INFO] the IC is 0.04005597128535281, the rank IC is 0.033079843853697145, the precision@3 is 0.5596707818930041
[2022-11-25 14:21:31,740][main.py][line:196][INFO] the current epoch is 31, the training loss is 0.9908, the validation loss is 0.9971
[2022-11-25 14:21:31,740][main.py][line:197][INFO] the IC is 0.044617864980088406, the rank IC is 0.035435067566650796, the precision@3 is 0.5322359396433469
[2022-11-25 14:23:08,012][main.py][line:196][INFO] the current epoch is 32, the training loss is 0.9902, the validation loss is 0.9972
[2022-11-25 14:23:08,012][main.py][line:197][INFO] the IC is 0.046225229829789896, the rank IC is 0.03739339931419502, the precision@3 is 0.5775034293552811
[2022-11-25 14:24:45,670][main.py][line:196][INFO] the current epoch is 33, the training loss is 0.9906, the validation loss is 0.9956
[2022-11-25 14:24:45,670][main.py][line:197][INFO] the IC is 0.05214698198823161, the rank IC is 0.042233358011595626, the precision@3 is 0.5541838134430727
[2022-11-25 14:26:21,462][main.py][line:196][INFO] the current epoch is 34, the training loss is 0.9906, the validation loss is 0.9960
[2022-11-25 14:26:21,462][main.py][line:197][INFO] the IC is 0.04543220416024007, the rank IC is 0.03946335236457548, the precision@3 is 0.5432098765432098
[2022-11-25 14:27:57,652][main.py][line:196][INFO] the current epoch is 35, the training loss is 0.9905, the validation loss is 0.9969
[2022-11-25 14:27:57,652][main.py][line:197][INFO] the IC is 0.04492806963000482, the rank IC is 0.04123265269446454, the precision@3 is 0.52400548696845
[2022-11-25 14:29:34,041][main.py][line:196][INFO] the current epoch is 36, the training loss is 0.9901, the validation loss is 0.9973
[2022-11-25 14:29:34,042][main.py][line:197][INFO] the IC is 0.042428494239841956, the rank IC is 0.03452520337127836, the precision@3 is 0.5404663923182441
[2022-11-25 14:31:09,723][main.py][line:196][INFO] the current epoch is 37, the training loss is 0.9904, the validation loss is 0.9962
[2022-11-25 14:31:09,723][main.py][line:197][INFO] the IC is 0.04847497969584346, the rank IC is 0.039231385216783966, the precision@3 is 0.5500685871056242
[2022-11-25 14:32:45,402][main.py][line:196][INFO] the current epoch is 38, the training loss is 0.9906, the validation loss is 0.9975
[2022-11-25 14:32:45,402][main.py][line:197][INFO] the IC is 0.040283019251997884, the rank IC is 0.033279391467829274, the precision@3 is 0.5363511659807956
[2022-11-25 14:34:20,773][main.py][line:196][INFO] the current epoch is 39, the training loss is 0.9910, the validation loss is 0.9979
[2022-11-25 14:34:20,773][main.py][line:197][INFO] the IC is 0.044169753398178996, the rank IC is 0.036483559151395034, the precision@3 is 0.5500685871056242
[2022-11-25 14:35:56,951][main.py][line:196][INFO] the current epoch is 40, the training loss is 0.9909, the validation loss is 0.9969
[2022-11-25 14:35:56,951][main.py][line:197][INFO] the IC is 0.04050811582989972, the rank IC is 0.03428070196620087, the precision@3 is 0.5459533607681757
[2022-11-25 14:37:32,802][main.py][line:196][INFO] the current epoch is 41, the training loss is 0.9905, the validation loss is 0.9968
[2022-11-25 14:37:32,803][main.py][line:197][INFO] the IC is 0.0445775785662629, the rank IC is 0.0372995348300669, the precision@3 is 0.5267489711934157
[2022-11-25 14:39:09,148][main.py][line:196][INFO] the current epoch is 42, the training loss is 0.9903, the validation loss is 0.9982
[2022-11-25 14:39:09,149][main.py][line:197][INFO] the IC is 0.03740335584793443, the rank IC is 0.03244565027566441, the precision@3 is 0.5665294924554185
[2022-11-25 14:40:45,797][main.py][line:196][INFO] the current epoch is 43, the training loss is 0.9898, the validation loss is 0.9974
[2022-11-25 14:40:45,797][main.py][line:197][INFO] the IC is 0.04604197654361925, the rank IC is 0.040650057852040206, the precision@3 is 0.5486968449931412
[2022-11-25 14:42:21,000][main.py][line:196][INFO] the current epoch is 44, the training loss is 0.9899, the validation loss is 0.9968
[2022-11-25 14:42:21,001][main.py][line:197][INFO] the IC is 0.04976630402925063, the rank IC is 0.039565926374950294, the precision@3 is 0.5390946502057613
[2022-11-25 14:43:57,577][main.py][line:196][INFO] the current epoch is 45, the training loss is 0.9894, the validation loss is 0.9989
[2022-11-25 14:43:57,577][main.py][line:197][INFO] the IC is 0.04232232272406419, the rank IC is 0.035843267072665476, the precision@3 is 0.5377229080932784
[2022-11-25 14:45:35,040][main.py][line:196][INFO] the current epoch is 46, the training loss is 0.9896, the validation loss is 0.9976
[2022-11-25 14:45:35,040][main.py][line:197][INFO] the IC is 0.041852252098198074, the rank IC is 0.0352797772825399, the precision@3 is 0.5432098765432098
[2022-11-25 14:47:11,217][main.py][line:196][INFO] the current epoch is 47, the training loss is 0.9899, the validation loss is 0.9964
[2022-11-25 14:47:11,218][main.py][line:197][INFO] the IC is 0.04852171681082358, the rank IC is 0.0428444640165854, the precision@3 is 0.5349794238683128
[2022-11-25 14:48:49,325][main.py][line:196][INFO] the current epoch is 48, the training loss is 0.9896, the validation loss is 0.9970
[2022-11-25 14:48:49,325][main.py][line:197][INFO] the IC is 0.05031767872362746, the rank IC is 0.04049700700822635, the precision@3 is 0.5541838134430727
[2022-11-25 14:50:26,084][main.py][line:196][INFO] the current epoch is 49, the training loss is 0.9891, the validation loss is 0.9969
[2022-11-25 14:50:26,084][main.py][line:197][INFO] the IC is 0.04742994610938264, the rank IC is 0.04211524319067016, the precision@3 is 0.5486968449931412
[2022-11-25 14:52:02,804][main.py][line:196][INFO] the current epoch is 50, the training loss is 0.9895, the validation loss is 0.9978
[2022-11-25 14:52:02,804][main.py][line:197][INFO] the IC is 0.04805074146906553, the rank IC is 0.04161482643756377, the precision@3 is 0.5541838134430727
[2022-11-25 14:53:38,116][main.py][line:196][INFO] the current epoch is 51, the training loss is 0.9894, the validation loss is 0.9968
[2022-11-25 14:53:38,116][main.py][line:197][INFO] the IC is 0.0465413365991657, the rank IC is 0.04127031653746596, the precision@3 is 0.5500685871056242
[2022-11-25 14:55:14,612][main.py][line:196][INFO] the current epoch is 52, the training loss is 0.9890, the validation loss is 0.9969
[2022-11-25 14:55:14,612][main.py][line:197][INFO] the IC is 0.05221685297530709, the rank IC is 0.04341044750346485, the precision@3 is 0.5349794238683128
[2022-11-25 14:56:52,132][main.py][line:196][INFO] the current epoch is 53, the training loss is 0.9887, the validation loss is 0.9980
[2022-11-25 14:56:52,132][main.py][line:197][INFO] the IC is 0.04386171854117512, the rank IC is 0.03804107683571648, the precision@3 is 0.5322359396433469
[2022-11-25 14:58:28,313][main.py][line:196][INFO] the current epoch is 54, the training loss is 0.9891, the validation loss is 0.9987
[2022-11-25 14:58:28,313][main.py][line:197][INFO] the IC is 0.039497175972980685, the rank IC is 0.033430803101397476, the precision@3 is 0.52400548696845
[2022-11-25 15:00:05,157][main.py][line:196][INFO] the current epoch is 55, the training loss is 0.9894, the validation loss is 0.9968
[2022-11-25 15:00:05,157][main.py][line:197][INFO] the IC is 0.05013085280452309, the rank IC is 0.04551906029582325, the precision@3 is 0.5555555555555556
